Execution time: 0.1607s, Compiling time: 0.0004s
┌────────────────────────────────────┐
│┌──────────────────────────────────┐│
││          Physical Plan           ││
│└──────────────────────────────────┘│
└────────────────────────────────────┘
┌────────────────────────────────────┐                                                                              
│        RESULT_COLLECTOR[16]        │                                                                              
│   ------------------------------   │                                                                              
│    Expressions: explain result     │                                                                              
│   ------------------------------   │                                                                              
│         NumOutputTuples: 0         │                                                                              
│   ------------------------------   │                                                                              
│      ExecutionTime: 0.000000       │                                                                              
└─────────────────┬──────────────────┘                                                                              
┌─────────────────┴──────────────────┐                                                                              
│            PROFILE[15]             │                                                                              
│   ------------------------------   │                                                                              
│   ------------------------------   │                                                                              
│         NumOutputTuples: 0         │                                                                              
│   ------------------------------   │                                                                              
│      ExecutionTime: 0.000000       │                                                                              
└─────────────────┬──────────────────┘                                                                              
┌─────────────────┴──────────────────┐                                                                              
│        RESULT_COLLECTOR[14]        │                                                                              
│   ------------------------------   │                                                                              
│       Expressions: c.content       │                                                                              
│   ------------------------------   │                                                                              
│       NumOutputTuples: 17322       │                                                                              
│   ------------------------------   │                                                                              
│      ExecutionTime: 11.721000      │                                                                              
└─────────────────┬──────────────────┘                                                                              
┌─────────────────┴──────────────────┐                                                                              
│           PROJECTION[13]           │                                                                              
│   ------------------------------   │                                                                              
│       Expressions: c.content       │                                                                              
│   ------------------------------   │                                                                              
│       NumOutputTuples: 17322       │                                                                              
│   ------------------------------   │                                                                              
│      ExecutionTime: 0.963000       │                                                                              
└─────────────────┬──────────────────┘                                                                              
┌─────────────────┴──────────────────┐                                                                              
│        HASH_JOIN_PROBE[12]         │                                                                              
│   ------------------------------   │                                                                              
│            Keys: c._ID             │                                                                              
│   ------------------------------   │───────────────────┐                                                          
│       NumOutputTuples: 17322       │                   │                                                          
│   ------------------------------   │                   │                                                          
│     ExecutionTime: 1054.282000     │                   │                                                          
└─────────────────┬──────────────────┘                   │                                                          
┌─────────────────┴──────────────────┐ ┌─────────────────┴──────────────────┐                                       
│             FLATTEN[1]             │ │        HASH_JOIN_BUILD[11]         │                                       
│   ------------------------------   │ │   ------------------------------   │                                       
│   ------------------------------   │ │            Keys: c._ID             │                                       
│     NumOutputTuples: 10168320      │ │   ------------------------------   │                                       
│   ------------------------------   │ │       NumOutputTuples: 17322       │                                       
│      ExecutionTime: 1.981000       │ │   ------------------------------   │                                       
│                                    │ │      ExecutionTime: 0.377000       │                                       
└─────────────────┬──────────────────┘ └─────────────────┬──────────────────┘                                       
┌─────────────────┴──────────────────┐ ┌─────────────────┴──────────────────┐                                       
│         SCAN_NODE_TABLE[0]         │ │          SEMI_MASKER[10]           │                                       
│   ------------------------------   │ │   ------------------------------   │                                       
│          Tables: Comment           │ │   Operators: SCAN_NODE_TABLE[0]    │                                       
│              Alias: c              │ │   ------------------------------   │                                       
│       Properties: c.content        │ │       NumOutputTuples: 17322       │                                       
│   ------------------------------   │ │   ------------------------------   │                                       
│     NumOutputTuples: 10168320      │ │      ExecutionTime: 1.096000       │                                       
│   ------------------------------   │ │                                    │                                       
│     ExecutionTime: 843.997000      │ │                                    │                                       
└────────────────────────────────────┘ └─────────────────┬──────────────────┘                                       
                                       ┌─────────────────┴──────────────────┐                                       
                                       │           PROJECTION[9]            │                                       
                                       │   ------------------------------   │                                       
                                       │         Expressions: c._ID         │                                       
                                       │   ------------------------------   │                                       
                                       │       NumOutputTuples: 17322       │                                       
                                       │   ------------------------------   │                                       
                                       │      ExecutionTime: 0.014000       │                                       
                                       └─────────────────┬──────────────────┘                                       
                                       ┌─────────────────┴──────────────────┐                                       
                                       │         HASH_JOIN_PROBE[8]         │                                       
                                       │   ------------------------------   │                                       
                                       │            Keys: p._ID             │                                       
                                       │   ------------------------------   │───────────────────┐                   
                                       │        NumOutputTuples: 63         │                   │                   
                                       │   ------------------------------   │                   │                   
                                       │      ExecutionTime: 31.556000      │                   │                   
                                       └─────────────────┬──────────────────┘                   │                   
                                       ┌─────────────────┴──────────────────┐ ┌─────────────────┴──────────────────┐
                                       │         SCAN_REL_TABLE[4]          │ │         HASH_JOIN_BUILD[7]         │
                                       │   ------------------------------   │ │   ------------------------------   │
                                       │        Tables: likeComment         │ │            Keys: p._ID             │
                                       │    Direction: (person)-[]->(c)     │ │   ------------------------------   │
                                       │   ------------------------------   │ │         NumOutputTuples: 1         │
                                       │     NumOutputTuples: 19949351      │ │   ------------------------------   │
                                       │   ------------------------------   │ │      ExecutionTime: 0.134000       │
                                       │      ExecutionTime: 25.787000      │ │                                    │
                                       └─────────────────┬──────────────────┘ └─────────────────┬──────────────────┘
                                       ┌─────────────────┴──────────────────┐ ┌─────────────────┴──────────────────┐
                                       │         SCAN_REL_TABLE[3]          │ │           PROJECTION[6]            │
                                       │   ------------------------------   │ │   ------------------------------   │
                                       │     Tables: personIsLocatedIn      │ │         Expressions: p._ID         │
                                       │    Direction: (person)-[]->(p)     │ │   ------------------------------   │
                                       │   ------------------------------   │ │         NumOutputTuples: 1         │
                                       │       NumOutputTuples: 65645       │ │   ------------------------------   │
                                       │   ------------------------------   │ │      ExecutionTime: 0.001000       │
                                       │      ExecutionTime: 1.042000       │ │                                    │
                                       └─────────────────┬──────────────────┘ └─────────────────┬──────────────────┘
                                       ┌─────────────────┴──────────────────┐ ┌─────────────────┴──────────────────┐
                                       │         SCAN_NODE_TABLE[2]         │ │   PRIMARY_KEY_SCAN_NODE_TABLE[5]   │
                                       │   ------------------------------   │ │   ------------------------------   │
                                       │           Tables: Person           │ │             Key: 1356              │
                                       │           Alias: person            │ │              Alias: p              │
                                       │   ------------------------------   │ │          Expressions: p.ID         │
                                       │       NumOutputTuples: 65645       │ │   ------------------------------   │
                                       │   ------------------------------   │ │         NumOutputTuples: 1         │
                                       │      ExecutionTime: 0.079000       │ │   ------------------------------   │
                                       │                                    │ │      ExecutionTime: 0.033000       │
                                       └────────────────────────────────────┘ └────────────────────────────────────┘

