Execution time: 0.3215s, Compiling time: 0.0004s
┌────────────────────────────────────┐
│┌──────────────────────────────────┐│
││          Physical Plan           ││
│└──────────────────────────────────┘│
└────────────────────────────────────┘
┌────────────────────────────────────┐                                                                              
│        RESULT_COLLECTOR[15]        │                                                                              
│   ------------------------------   │                                                                              
│    Expressions: explain result     │                                                                              
│   ------------------------------   │                                                                              
│         NumOutputTuples: 0         │                                                                              
│   ------------------------------   │                                                                              
│      ExecutionTime: 0.000000       │                                                                              
└─────────────────┬──────────────────┘                                                                              
┌─────────────────┴──────────────────┐                                                                              
│            PROFILE[14]             │                                                                              
│   ------------------------------   │                                                                              
│   ------------------------------   │                                                                              
│         NumOutputTuples: 0         │                                                                              
│   ------------------------------   │                                                                              
│      ExecutionTime: 0.000000       │                                                                              
└─────────────────┬──────────────────┘                                                                              
┌─────────────────┴──────────────────┐                                                                              
│        RESULT_COLLECTOR[13]        │                                                                              
│   ------------------------------   │                                                                              
│         Expressions: a.ID          │                                                                              
│                b.ID                │                                                                              
│                c.ID                │                                                                              
│   ------------------------------   │                                                                              
│       NumOutputTuples: 29687       │                                                                              
│   ------------------------------   │                                                                              
│      ExecutionTime: 27.199000      │                                                                              
└─────────────────┬──────────────────┘                                                                              
┌─────────────────┴──────────────────┐                                                                              
│           PROJECTION[12]           │                                                                              
│   ------------------------------   │                                                                              
│         Expressions: a.ID          │                                                                              
│                b.ID                │                                                                              
│                c.ID                │                                                                              
│   ------------------------------   │                                                                              
│       NumOutputTuples: 29687       │                                                                              
│   ------------------------------   │                                                                              
│      ExecutionTime: 3.623000       │                                                                              
└─────────────────┬──────────────────┘                                                                              
┌─────────────────┴──────────────────┐                                                                              
│        HASH_JOIN_PROBE[11]         │                                                                              
│   ------------------------------   │                                                                              
│            Keys: c._ID             │                                                                              
│   ------------------------------   │───────────────────┐                                                          
│       NumOutputTuples: 29673       │                   │                                                          
│   ------------------------------   │                   │                                                          
│     ExecutionTime: 4663.593000     │                   │                                                          
└─────────────────┬──────────────────┘                   │                                                          
┌─────────────────┴──────────────────┐ ┌─────────────────┴──────────────────┐                                       
│             FLATTEN[1]             │ │        HASH_JOIN_BUILD[10]         │                                       
│   ------------------------------   │ │   ------------------------------   │                                       
│   ------------------------------   │ │            Keys: c._ID             │                                       
│     NumOutputTuples: 43812864      │ │           Payloads: a.ID           │                                       
│   ------------------------------   │ │                b.ID                │                                       
│      ExecutionTime: 4.107000       │ │   ------------------------------   │                                       
│                                    │ │       NumOutputTuples: 29673       │                                       
│                                    │ │   ------------------------------   │                                       
│                                    │ │      ExecutionTime: 3.156000       │                                       
└─────────────────┬──────────────────┘ └─────────────────┬──────────────────┘                                       
┌─────────────────┴──────────────────┐ ┌─────────────────┴──────────────────┐                                       
│         SCAN_NODE_TABLE[0]         │ │           SEMI_MASKER[9]           │                                       
│   ------------------------------   │ │   ------------------------------   │                                       
│             Tables: C              │ │   Operators: SCAN_NODE_TABLE[0]    │                                       
│              Alias: c              │ │   ------------------------------   │                                       
│          Properties: c.ID          │ │       NumOutputTuples: 29673       │                                       
│   ------------------------------   │ │   ------------------------------   │                                       
│     NumOutputTuples: 43812864      │ │      ExecutionTime: 4.434000       │                                       
│   ------------------------------   │ │                                    │                                       
│     ExecutionTime: 254.612000      │ │                                    │                                       
└────────────────────────────────────┘ └─────────────────┬──────────────────┘                                       
                                       ┌─────────────────┴──────────────────┐                                       
                                       │           PROJECTION[8]            │                                       
                                       │   ------------------------------   │                                       
                                       │         Expressions: a.ID          │                                       
                                       │               c._ID                │                                       
                                       │                b.ID                │                                       
                                       │   ------------------------------   │                                       
                                       │       NumOutputTuples: 29687       │                                       
                                       │   ------------------------------   │                                       
                                       │      ExecutionTime: 0.134000       │                                       
                                       └─────────────────┬──────────────────┘                                       
                                       ┌─────────────────┴──────────────────┐                                       
                                       │         HASH_JOIN_PROBE[7]         │                                       
                                       │   ------------------------------   │                                       
                                       │            Keys: a._ID             │                                       
                                       │   ------------------------------   │───────────────────┐                   
                                       │       NumOutputTuples: 1004        │                   │                   
                                       │   ------------------------------   │                   │                   
                                       │     ExecutionTime: 263.856000      │                   │                   
                                       └─────────────────┬──────────────────┘                   │                   
                                       ┌─────────────────┴──────────────────┐ ┌─────────────────┴──────────────────┐
                                       │         SCAN_REL_TABLE[4]          │ │         HASH_JOIN_BUILD[6]         │
                                       │   ------------------------------   │ │   ------------------------------   │
                                       │            Tables: B_C             │ │            Keys: a._ID             │
                                       │       Direction: (b)-[]->(c)       │ │           Payloads: a.ID           │
                                       │   ------------------------------   │ │   ------------------------------   │
                                       │     NumOutputTuples: 18966110      │ │         NumOutputTuples: 1         │
                                       │   ------------------------------   │ │   ------------------------------   │
                                       │      ExecutionTime: 60.926000      │ │      ExecutionTime: 0.132000       │
                                       └─────────────────┬──────────────────┘ └─────────────────┬──────────────────┘
                                       ┌─────────────────┴──────────────────┐ ┌─────────────────┴──────────────────┐
                                       │         SCAN_REL_TABLE[3]          │ │   PRIMARY_KEY_SCAN_NODE_TABLE[5]   │
                                       │   ------------------------------   │ │   ------------------------------   │
                                       │            Tables: A_B             │ │              Key: 93               │
                                       │       Direction: (b)<-[]-(a)       │ │              Alias: a              │
                                       │   ------------------------------   │ │          Expressions: a.ID         │
                                       │      NumOutputTuples: 1000000      │ │   ------------------------------   │
                                       │   ------------------------------   │ │         NumOutputTuples: 1         │
                                       │      ExecutionTime: 33.570000      │ │   ------------------------------   │
                                       │                                    │ │      ExecutionTime: 0.031000       │
                                       └─────────────────┬──────────────────┘ └────────────────────────────────────┘
                                       ┌─────────────────┴──────────────────┐                                       
                                       │         SCAN_NODE_TABLE[2]         │                                       
                                       │   ------------------------------   │                                       
                                       │             Tables: B              │                                       
                                       │              Alias: b              │                                       
                                       │          Properties: b.ID          │                                       
                                       │   ------------------------------   │                                       
                                       │      NumOutputTuples: 1000000      │                                       
                                       │   ------------------------------   │                                       
                                       │      ExecutionTime: 3.997000       │                                       
                                       └────────────────────────────────────┘                                       

