Execution time: 0.1186s, Compiling time: 0.0004s
┌────────────────────────────────────┐
│┌──────────────────────────────────┐│
││          Physical Plan           ││
│└──────────────────────────────────┘│
└────────────────────────────────────┘
┌────────────────────────────────────┐                                                                              
│        RESULT_COLLECTOR[15]        │                                                                              
│   ------------------------------   │                                                                              
│    Expressions: explain result     │                                                                              
│   ------------------------------   │                                                                              
│         NumOutputTuples: 0         │                                                                              
│   ------------------------------   │                                                                              
│      ExecutionTime: 0.000000       │                                                                              
└─────────────────┬──────────────────┘                                                                              
┌─────────────────┴──────────────────┐                                                                              
│            PROFILE[14]             │                                                                              
│   ------------------------------   │                                                                              
│   ------------------------------   │                                                                              
│         NumOutputTuples: 0         │                                                                              
│   ------------------------------   │                                                                              
│      ExecutionTime: 0.000000       │                                                                              
└─────────────────┬──────────────────┘                                                                              
┌─────────────────┴──────────────────┐                                                                              
│        RESULT_COLLECTOR[13]        │                                                                              
│   ------------------------------   │                                                                              
│         Expressions: a.ID          │                                                                              
│                b.ID                │                                                                              
│                c.ID                │                                                                              
│   ------------------------------   │                                                                              
│       NumOutputTuples: 98152       │                                                                              
│   ------------------------------   │                                                                              
│      ExecutionTime: 79.155000      │                                                                              
└─────────────────┬──────────────────┘                                                                              
┌─────────────────┴──────────────────┐                                                                              
│           PROJECTION[12]           │                                                                              
│   ------------------------------   │                                                                              
│         Expressions: a.ID          │                                                                              
│                b.ID                │                                                                              
│                c.ID                │                                                                              
│   ------------------------------   │                                                                              
│       NumOutputTuples: 98152       │                                                                              
│   ------------------------------   │                                                                              
│      ExecutionTime: 8.675000       │                                                                              
└─────────────────┬──────────────────┘                                                                              
┌─────────────────┴──────────────────┐                                                                              
│        HASH_JOIN_PROBE[11]         │                                                                              
│   ------------------------------   │                                                                              
│            Keys: c._ID             │                                                                              
│   ------------------------------   │───────────────────┐                                                          
│       NumOutputTuples: 97385       │                   │                                                          
│   ------------------------------   │                   │                                                          
│     ExecutionTime: 1087.618000     │                   │                                                          
└─────────────────┬──────────────────┘                   │                                                          
┌─────────────────┴──────────────────┐ ┌─────────────────┴──────────────────┐                                       
│             FLATTEN[1]             │ │        HASH_JOIN_BUILD[10]         │                                       
│   ------------------------------   │ │   ------------------------------   │                                       
│   ------------------------------   │ │            Keys: c._ID             │                                       
│     NumOutputTuples: 10000000      │ │           Payloads: a.ID           │                                       
│   ------------------------------   │ │                b.ID                │                                       
│      ExecutionTime: 1.287000       │ │   ------------------------------   │                                       
│                                    │ │       NumOutputTuples: 97385       │                                       
│                                    │ │   ------------------------------   │                                       
│                                    │ │      ExecutionTime: 3.292000       │                                       
└─────────────────┬──────────────────┘ └─────────────────┬──────────────────┘                                       
┌─────────────────┴──────────────────┐ ┌─────────────────┴──────────────────┐                                       
│         SCAN_NODE_TABLE[0]         │ │           SEMI_MASKER[9]           │                                       
│   ------------------------------   │ │   ------------------------------   │                                       
│             Tables: C              │ │   Operators: SCAN_NODE_TABLE[0]    │                                       
│              Alias: c              │ │   ------------------------------   │                                       
│          Properties: c.ID          │ │       NumOutputTuples: 97385       │                                       
│   ------------------------------   │ │   ------------------------------   │                                       
│     NumOutputTuples: 10000000      │ │      ExecutionTime: 7.745000       │                                       
│   ------------------------------   │ │                                    │                                       
│      ExecutionTime: 56.787000      │ │                                    │                                       
└────────────────────────────────────┘ └─────────────────┬──────────────────┘                                       
                                       ┌─────────────────┴──────────────────┐                                       
                                       │           PROJECTION[8]            │                                       
                                       │   ------------------------------   │                                       
                                       │         Expressions: a.ID          │                                       
                                       │               c._ID                │                                       
                                       │                b.ID                │                                       
                                       │   ------------------------------   │                                       
                                       │       NumOutputTuples: 98152       │                                       
                                       │   ------------------------------   │                                       
                                       │      ExecutionTime: 0.083000       │                                       
                                       └─────────────────┬──────────────────┘                                       
                                       ┌─────────────────┴──────────────────┐                                       
                                       │         HASH_JOIN_PROBE[7]         │                                       
                                       │   ------------------------------   │                                       
                                       │            Keys: a._ID             │                                       
                                       │   ------------------------------   │───────────────────┐                   
                                       │        NumOutputTuples: 980        │                   │                   
                                       │   ------------------------------   │                   │                   
                                       │      ExecutionTime: 25.250000      │                   │                   
                                       └─────────────────┬──────────────────┘                   │                   
                                       ┌─────────────────┴──────────────────┐ ┌─────────────────┴──────────────────┐
                                       │         SCAN_REL_TABLE[4]          │ │         HASH_JOIN_BUILD[6]         │
                                       │   ------------------------------   │ │   ------------------------------   │
                                       │            Tables: B_C             │ │            Keys: a._ID             │
                                       │       Direction: (b)-[]->(c)       │ │           Payloads: a.ID           │
                                       │   ------------------------------   │ │   ------------------------------   │
                                       │      NumOutputTuples: 6320540      │ │         NumOutputTuples: 1         │
                                       │   ------------------------------   │ │   ------------------------------   │
                                       │      ExecutionTime: 9.454000       │ │      ExecutionTime: 0.158000       │
                                       └─────────────────┬──────────────────┘ └─────────────────┬──────────────────┘
                                       ┌─────────────────┴──────────────────┐ ┌─────────────────┴──────────────────┐
                                       │         SCAN_REL_TABLE[3]          │ │   PRIMARY_KEY_SCAN_NODE_TABLE[5]   │
                                       │   ------------------------------   │ │   ------------------------------   │
                                       │            Tables: A_B             │ │              Key: 93               │
                                       │       Direction: (b)<-[]-(a)       │ │              Alias: a              │
                                       │   ------------------------------   │ │          Expressions: a.ID         │
                                       │      NumOutputTuples: 100000       │ │   ------------------------------   │
                                       │   ------------------------------   │ │         NumOutputTuples: 1         │
                                       │      ExecutionTime: 2.247000       │ │   ------------------------------   │
                                       │                                    │ │      ExecutionTime: 0.024000       │
                                       └─────────────────┬──────────────────┘ └────────────────────────────────────┘
                                       ┌─────────────────┴──────────────────┐                                       
                                       │         SCAN_NODE_TABLE[2]         │                                       
                                       │   ------------------------------   │                                       
                                       │             Tables: B              │                                       
                                       │              Alias: b              │                                       
                                       │          Properties: b.ID          │                                       
                                       │   ------------------------------   │                                       
                                       │      NumOutputTuples: 100000       │                                       
                                       │   ------------------------------   │                                       
                                       │      ExecutionTime: 0.297000       │                                       
                                       └────────────────────────────────────┘                                       

