Execution time: 0.1171s, Compiling time: 0.0004s
┌────────────────────────────────────┐
│┌──────────────────────────────────┐│
││          Physical Plan           ││
│└──────────────────────────────────┘│
└────────────────────────────────────┘
┌────────────────────────────────────┐                                                                              
│        RESULT_COLLECTOR[15]        │                                                                              
│   ------------------------------   │                                                                              
│    Expressions: explain result     │                                                                              
│   ------------------------------   │                                                                              
│         NumOutputTuples: 0         │                                                                              
│   ------------------------------   │                                                                              
│      ExecutionTime: 0.000000       │                                                                              
└─────────────────┬──────────────────┘                                                                              
┌─────────────────┴──────────────────┐                                                                              
│            PROFILE[14]             │                                                                              
│   ------------------------------   │                                                                              
│   ------------------------------   │                                                                              
│         NumOutputTuples: 0         │                                                                              
│   ------------------------------   │                                                                              
│      ExecutionTime: 0.000000       │                                                                              
└─────────────────┬──────────────────┘                                                                              
┌─────────────────┴──────────────────┐                                                                              
│        RESULT_COLLECTOR[13]        │                                                                              
│   ------------------------------   │                                                                              
│         Expressions: a.ID          │                                                                              
│                b.ID                │                                                                              
│                c.ID                │                                                                              
│   ------------------------------   │                                                                              
│      NumOutputTuples: 107627       │                                                                              
│   ------------------------------   │                                                                              
│      ExecutionTime: 63.770000      │                                                                              
└─────────────────┬──────────────────┘                                                                              
┌─────────────────┴──────────────────┐                                                                              
│           PROJECTION[12]           │                                                                              
│   ------------------------------   │                                                                              
│         Expressions: a.ID          │                                                                              
│                b.ID                │                                                                              
│                c.ID                │                                                                              
│   ------------------------------   │                                                                              
│      NumOutputTuples: 107627       │                                                                              
│   ------------------------------   │                                                                              
│      ExecutionTime: 2.116000       │                                                                              
└─────────────────┬──────────────────┘                                                                              
┌─────────────────┴──────────────────┐                                                                              
│        HASH_JOIN_PROBE[11]         │                                                                              
│   ------------------------------   │                                                                              
│            Keys: c._ID             │                                                                              
│   ------------------------------   │───────────────────┐                                                          
│      NumOutputTuples: 106991       │                   │                                                          
│   ------------------------------   │                   │                                                          
│     ExecutionTime: 1130.184000     │                   │                                                          
└─────────────────┬──────────────────┘                   │                                                          
┌─────────────────┴──────────────────┐ ┌─────────────────┴──────────────────┐                                       
│             FLATTEN[1]             │ │        HASH_JOIN_BUILD[10]         │                                       
│   ------------------------------   │ │   ------------------------------   │                                       
│   ------------------------------   │ │            Keys: c._ID             │                                       
│      NumOutputTuples: 9809536      │ │           Payloads: a.ID           │                                       
│   ------------------------------   │ │                b.ID                │                                       
│      ExecutionTime: 0.681000       │ │   ------------------------------   │                                       
│                                    │ │      NumOutputTuples: 106991       │                                       
│                                    │ │   ------------------------------   │                                       
│                                    │ │      ExecutionTime: 3.546000       │                                       
└─────────────────┬──────────────────┘ └─────────────────┬──────────────────┘                                       
┌─────────────────┴──────────────────┐ ┌─────────────────┴──────────────────┐                                       
│         SCAN_NODE_TABLE[0]         │ │           SEMI_MASKER[9]           │                                       
│   ------------------------------   │ │   ------------------------------   │                                       
│             Tables: C              │ │   Operators: SCAN_NODE_TABLE[0]    │                                       
│              Alias: c              │ │   ------------------------------   │                                       
│          Properties: c.ID          │ │      NumOutputTuples: 106991       │                                       
│   ------------------------------   │ │   ------------------------------   │                                       
│      NumOutputTuples: 9809536      │ │      ExecutionTime: 6.081000       │                                       
│   ------------------------------   │ │                                    │                                       
│      ExecutionTime: 54.635000      │ │                                    │                                       
└────────────────────────────────────┘ └─────────────────┬──────────────────┘                                       
                                       ┌─────────────────┴──────────────────┐                                       
                                       │           PROJECTION[8]            │                                       
                                       │   ------------------------------   │                                       
                                       │         Expressions: a.ID          │                                       
                                       │               c._ID                │                                       
                                       │                b.ID                │                                       
                                       │   ------------------------------   │                                       
                                       │      NumOutputTuples: 107627       │                                       
                                       │   ------------------------------   │                                       
                                       │      ExecutionTime: 0.023000       │                                       
                                       └─────────────────┬──────────────────┘                                       
                                       ┌─────────────────┴──────────────────┐                                       
                                       │         HASH_JOIN_PROBE[7]         │                                       
                                       │   ------------------------------   │                                       
                                       │            Keys: a._ID             │                                       
                                       │   ------------------------------   │───────────────────┐                   
                                       │       NumOutputTuples: 1074        │                   │                   
                                       │   ------------------------------   │                   │                   
                                       │      ExecutionTime: 24.683000      │                   │                   
                                       └─────────────────┬──────────────────┘                   │                   
                                       ┌─────────────────┴──────────────────┐ ┌─────────────────┴──────────────────┐
                                       │         SCAN_REL_TABLE[4]          │ │         HASH_JOIN_BUILD[6]         │
                                       │   ------------------------------   │ │   ------------------------------   │
                                       │            Tables: B_C             │ │            Keys: a._ID             │
                                       │       Direction: (b)-[]->(c)       │ │           Payloads: a.ID           │
                                       │   ------------------------------   │ │   ------------------------------   │
                                       │      NumOutputTuples: 6325570      │ │         NumOutputTuples: 1         │
                                       │   ------------------------------   │ │   ------------------------------   │
                                       │      ExecutionTime: 9.459000       │ │      ExecutionTime: 0.148000       │
                                       └─────────────────┬──────────────────┘ └─────────────────┬──────────────────┘
                                       ┌─────────────────┴──────────────────┐ ┌─────────────────┴──────────────────┐
                                       │         SCAN_REL_TABLE[3]          │ │   PRIMARY_KEY_SCAN_NODE_TABLE[5]   │
                                       │   ------------------------------   │ │   ------------------------------   │
                                       │            Tables: A_B             │ │              Key: 93               │
                                       │       Direction: (b)<-[]-(a)       │ │              Alias: a              │
                                       │   ------------------------------   │ │          Expressions: a.ID         │
                                       │      NumOutputTuples: 100000       │ │   ------------------------------   │
                                       │   ------------------------------   │ │         NumOutputTuples: 1         │
                                       │      ExecutionTime: 1.718000       │ │   ------------------------------   │
                                       │                                    │ │      ExecutionTime: 0.025000       │
                                       └─────────────────┬──────────────────┘ └────────────────────────────────────┘
                                       ┌─────────────────┴──────────────────┐                                       
                                       │         SCAN_NODE_TABLE[2]         │                                       
                                       │   ------------------------------   │                                       
                                       │             Tables: B              │                                       
                                       │              Alias: b              │                                       
                                       │          Properties: b.ID          │                                       
                                       │   ------------------------------   │                                       
                                       │      NumOutputTuples: 100000       │                                       
                                       │   ------------------------------   │                                       
                                       │      ExecutionTime: 0.280000       │                                       
                                       └────────────────────────────────────┘                                       

